<?xml version="1.0" encoding="UTF-8"?>
<!-- Generated by org.testng.reporters.JUnitReportReporter -->
<testsuite hostname="LTIN509708" failures="0" tests="1" name="testScenario.TestCaseHealth" time="3.316" errors="0" timestamp="2024-04-18T22:04:04 IST" skipped="0">
  <testcase classname="testScenario.TestCaseHealth" name="healthInsuranceMenuItems" time="3.316"/>
</testsuite> <!-- testScenario.TestCaseHealth -->
