<?xml version="1.0" encoding="UTF-8"?>
<!-- Generated by org.testng.reporters.JUnitReportReporter -->
<testsuite hostname="LTIN509708" failures="0" tests="5" name="testRunner.TravelTestRunner" time="222.026" errors="0" timestamp="2024-04-20T16:54:17 IST" skipped="0">
  <testcase classname="testRunner.TravelTestRunner" name="runScenario" time="23.263"/>
  <testcase classname="testRunner.TravelTestRunner" name="runScenario" time="71.456"/>
  <testcase classname="testRunner.TravelTestRunner" name="runScenario" time="19.418"/>
  <testcase classname="testRunner.TravelTestRunner" name="runScenario" time="103.215"/>
  <testcase classname="testRunner.TravelTestRunner" name="runScenario" time="4.674"/>
</testsuite> <!-- testRunner.TravelTestRunner -->
