<?xml version="1.0" encoding="UTF-8"?>
<!-- Generated by org.testng.reporters.JUnitReportReporter -->
<testsuite hostname="LTIN509708" failures="0" tests="7" name="testScenario.TestCaseTravel" time="86.789" errors="0" timestamp="2024-04-18T22:04:04 IST" skipped="0">
  <testcase classname="testScenario.TestCaseTravel" name="clickTravelInsurance" time="17.172"/>
  <testcase classname="testScenario.TestCaseTravel" name="clickStartDate" time="19.700"/>
  <testcase classname="testScenario.TestCaseTravel" name="selectAges" time="19.876"/>
  <testcase classname="testScenario.TestCaseTravel" name="enterContactDetais" time="9.769"/>
  <testcase classname="testScenario.TestCaseTravel" name="enterStudentPlans" time="11.930"/>
  <testcase classname="testScenario.TestCaseTravel" name="selectSorts" time="6.651"/>
  <testcase classname="testScenario.TestCaseTravel" name="insurerNameAndPlanPrice" time="1.691"/>
</testsuite> <!-- testScenario.TestCaseTravel -->
