<?xml version="1.0" encoding="UTF-8"?>
<!-- Generated by org.testng.reporters.JUnitReportReporter -->
<testsuite hostname="LTIN509708" failures="0" tests="3" name="testScenario.TestCaseCar" time="78.096" errors="0" timestamp="2024-04-18T22:04:04 IST" skipped="0">
  <testcase classname="testScenario.TestCaseCar" name="sel_NewCar_forInsurance" time="16.409"/>
  <testcase classname="testScenario.TestCaseCar" name="sendData" time="0.172"/>
  <testcase classname="testScenario.TestCaseCar" name="email_Capture_ErrorMessage" time="61.515"/>
</testsuite> <!-- testScenario.TestCaseCar -->
