<?xml version="1.0" encoding="UTF-8"?>
<!-- Generated by org.testng.reporters.JUnitReportReporter -->
<testsuite hostname="LTIN509708" failures="0" tests="3" name="testScenario.TestCaseCar" time="79.428" errors="0" timestamp="2024-04-20T19:04:23 IST" skipped="0">
  <testcase classname="testScenario.TestCaseCar" name="sel_NewCar_forInsurance" time="17.360"/>
  <testcase classname="testScenario.TestCaseCar" name="sendData" time="0.178"/>
  <testcase classname="testScenario.TestCaseCar" name="email_Capture_ErrorMessage" time="61.890"/>
</testsuite> <!-- testScenario.TestCaseCar -->
