<?xml version="1.0" encoding="UTF-8"?>
<!-- Generated by org.testng.reporters.JUnitReportReporter -->
<testsuite hostname="LTIN509708" failures="0" tests="7" name="testScenario.TestCaseTravel" time="90.914" errors="0" timestamp="2024-04-20T19:04:23 IST" skipped="0">
  <testcase classname="testScenario.TestCaseTravel" name="clickTravelInsurance" time="17.272"/>
  <testcase classname="testScenario.TestCaseTravel" name="clickStartDate" time="21.368"/>
  <testcase classname="testScenario.TestCaseTravel" name="selectAges" time="20.417"/>
  <testcase classname="testScenario.TestCaseTravel" name="enterContactDetais" time="10.163"/>
  <testcase classname="testScenario.TestCaseTravel" name="enterStudentPlans" time="12.238"/>
  <testcase classname="testScenario.TestCaseTravel" name="selectSorts" time="6.743"/>
  <testcase classname="testScenario.TestCaseTravel" name="insurerNameAndPlanPrice" time="2.713"/>
</testsuite> <!-- testScenario.TestCaseTravel -->
